d:\filesystem\filesystem\x64\debug\vc143.pdb
d:\filesystem\filesystem\x64\debug\vc143.idb
d:\filesystem\filesystem\x64\debug\virtualdisk.obj
d:\filesystem\filesystem\x64\debug\tokenizer.obj
d:\filesystem\filesystem\x64\debug\run.obj
d:\filesystem\filesystem\x64\debug\parser.obj
d:\filesystem\filesystem\x64\debug\minihsfs.obj
d:\filesystem\filesystem\x64\debug\img.obj
d:\filesystem\filesystem\x64\debug\cryptoutils.obj
d:\filesystem\filesystem\x64\debug\simpleautocomplete.obj
d:\filesystem\filesystem\x64\debug\cloud.obj
d:\filesystem\filesystem\x64\debug\chatbot.obj
d:\filesystem\filesystem\x64\debug\ai.obj
d:\filesystem\filesystem\x64\debug\sqlite3.obj
d:\filesystem\x64\debug\filesystem.exe
d:\filesystem\x64\debug\filesystem.pdb
d:\filesystem\filesystem\x64\debug\filesystem.ilk
d:\filesystem\filesystem\x64\debug\filesystem.tlog\cl.command.1.tlog
d:\filesystem\filesystem\x64\debug\filesystem.tlog\cl.items.tlog
d:\filesystem\filesystem\x64\debug\filesystem.tlog\cl.read.1.tlog
d:\filesystem\filesystem\x64\debug\filesystem.tlog\cl.write.1.tlog
d:\filesystem\filesystem\x64\debug\filesystem.tlog\link.command.1.tlog
d:\filesystem\filesystem\x64\debug\filesystem.tlog\link.read.1.tlog
d:\filesystem\filesystem\x64\debug\filesystem.tlog\link.secondary.1.tlog
d:\filesystem\filesystem\x64\debug\filesystem.tlog\link.write.1.tlog
